<?xml version="1.0" encoding="UTF-8"?>
<testng-results ignored="0" total="1" passed="1" failed="0" skipped="0">
  <reporter-output>
  </reporter-output>
  <suite started-at="2023-12-10T01:59:07 IST" name="Suite" finished-at="2023-12-10T01:59:13 IST" duration-ms="6669">
    <groups>
    </groups>
    <test started-at="2023-12-10T01:59:07 IST" name="Test2" finished-at="2023-12-10T01:59:13 IST" duration-ms="6669">
      <class name="mavenforjenkins.UITest">
        <test-method signature="startBrowser()[pri:0, instance:mavenforjenkins.UITest@4c9f8c13]" started-at="2023-12-10T01:59:07 IST" name="startBrowser" finished-at="2023-12-10T01:59:13 IST" duration-ms="6631" status="PASS">
          <reporter-output>
          </reporter-output>
        </test-method> <!-- startBrowser -->
      </class> <!-- mavenforjenkins.UITest -->
    </test> <!-- Test2 -->
  </suite> <!-- Suite -->
</testng-results>
